<component name="libraryTable">
  <library name="junit-jupiter-api-5.8.1">
    <CLASSES>
      <root url="jar://$PROJECT_DIR$/../../jar/junit/junit-jupiter-api-5.8.1.jar!/" />
    </CLASSES>
    <JAVADOC />
    <SOURCES />
  </library>
</component>